[ Start
    { idx = 0
    , threadId = 1879
    , suiteEvent = Hook Once Setup
    , loc =
        ExePath [ SuiteElmPath { module' = "0" , path = "OnceAround" } ]
    }
, End
    { idx = 1
    , threadId = 1879
    , suiteEvent = Hook Once Setup
    , loc =
        ExePath [ SuiteElmPath { module' = "0" , path = "OnceAround" } ]
    }
, Start
    { idx = 2
    , threadId = 1879
    , suiteEvent = Hook Thread Setup
    , loc =
        ExePath
          [ SuiteElmPath { module' = "0.0" , path = "ThreadAround" }
          , SuiteElmPath { module' = "0" , path = "OnceAround" }
          ]
    }
, End
    { idx = 3
    , threadId = 1879
    , suiteEvent = Hook Thread Setup
    , loc =
        ExePath
          [ SuiteElmPath { module' = "0.0" , path = "ThreadAround" }
          , SuiteElmPath { module' = "0" , path = "OnceAround" }
          ]
    }
, Start
    { idx = 4
    , threadId = 1879
    , suiteEvent = Test
    , loc =
        ExePath
          [ TestPath { id = 0 , title = "0.0.0.0 TestItem" }
          , SuiteElmPath { module' = "0.0.0.0" , path = "Test" }
          , SuiteElmPath { module' = "0.0.0" , path = "EachAfter" }
          , SuiteElmPath { module' = "0.0" , path = "ThreadAround" }
          , SuiteElmPath { module' = "0" , path = "OnceAround" }
          ]
    }
, End
    { idx = 5
    , threadId = 1879
    , suiteEvent = Test
    , loc =
        ExePath
          [ TestPath { id = 0 , title = "0.0.0.0 TestItem" }
          , SuiteElmPath { module' = "0.0.0.0" , path = "Test" }
          , SuiteElmPath { module' = "0.0.0" , path = "EachAfter" }
          , SuiteElmPath { module' = "0.0" , path = "ThreadAround" }
          , SuiteElmPath { module' = "0" , path = "OnceAround" }
          ]
    }
, Start
    { idx = 6
    , threadId = 1879
    , suiteEvent = Hook Each After
    , loc =
        ExePath
          [ SuiteElmPath { module' = "0.0.0" , path = "EachAfter" }
          , SuiteElmPath { module' = "0.0" , path = "ThreadAround" }
          , SuiteElmPath { module' = "0" , path = "OnceAround" }
          ]
    }
, Failure
    { idx = 7
    , threadId = 1879
    , exception =
        PException
          { displayText =
              [ "\"SuiteElmPath {module' = \\\"0.0.0\\\", path = \\\"EachAfter\\\"} failed\""
              , "\"CallStack (from HasCallStack):\""
              , "\"  error, called at src/Relude/Debug.hs:296:11 in relude-1.2.1.0-a5ed481547a2e612ba94330f420241e261fb518e17d71449cef78fe63d829fa3:Relude.Debug\""
              , "\"  error, called at test/SuiteRuntimeTest.hs:392:7 in pyrethrum-0.1.0.0-inplace:SuiteRuntimeTest\""
              ]
          }
    , loc =
        ExePath
          [ SuiteElmPath { module' = "0.0.0" , path = "EachAfter" }
          , SuiteElmPath { module' = "0.0" , path = "ThreadAround" }
          , SuiteElmPath { module' = "0" , path = "OnceAround" }
          ]
    }
, End
    { idx = 8
    , threadId = 1879
    , suiteEvent = Hook Each After
    , loc =
        ExePath
          [ SuiteElmPath { module' = "0.0.0" , path = "EachAfter" }
          , SuiteElmPath { module' = "0.0" , path = "ThreadAround" }
          , SuiteElmPath { module' = "0" , path = "OnceAround" }
          ]
    }
, Start
    { idx = 9
    , threadId = 1879
    , suiteEvent = Test
    , loc =
        ExePath
          [ TestPath { id = 1 , title = "0.0.0.0 TestItem" }
          , SuiteElmPath { module' = "0.0.0.0" , path = "Test" }
          , SuiteElmPath { module' = "0.0.0" , path = "EachAfter" }
          , SuiteElmPath { module' = "0.0" , path = "ThreadAround" }
          , SuiteElmPath { module' = "0" , path = "OnceAround" }
          ]
    }
, Failure
    { idx = 10
    , threadId = 1879
    , exception =
        PException
          { displayText =
              [ "\"\\\"0.0.0.0 TestItem\\\" failed\""
              , "\"CallStack (from HasCallStack):\""
              , "\"  error, called at src/Relude/Debug.hs:296:11 in relude-1.2.1.0-a5ed481547a2e612ba94330f420241e261fb518e17d71449cef78fe63d829fa3:Relude.Debug\""
              , "\"  error, called at test/SuiteRuntimeTest.hs:392:7 in pyrethrum-0.1.0.0-inplace:SuiteRuntimeTest\""
              ]
          }
    , loc =
        ExePath
          [ TestPath { id = 1 , title = "0.0.0.0 TestItem" }
          , SuiteElmPath { module' = "0.0.0.0" , path = "Test" }
          , SuiteElmPath { module' = "0.0.0" , path = "EachAfter" }
          , SuiteElmPath { module' = "0.0" , path = "ThreadAround" }
          , SuiteElmPath { module' = "0" , path = "OnceAround" }
          ]
    }
, End
    { idx = 11
    , threadId = 1879
    , suiteEvent = Test
    , loc =
        ExePath
          [ TestPath { id = 1 , title = "0.0.0.0 TestItem" }
          , SuiteElmPath { module' = "0.0.0.0" , path = "Test" }
          , SuiteElmPath { module' = "0.0.0" , path = "EachAfter" }
          , SuiteElmPath { module' = "0.0" , path = "ThreadAround" }
          , SuiteElmPath { module' = "0" , path = "OnceAround" }
          ]
    }
, Start
    { idx = 12
    , threadId = 1879
    , suiteEvent = Hook Each After
    , loc =
        ExePath
          [ SuiteElmPath { module' = "0.0.0" , path = "EachAfter" }
          , SuiteElmPath { module' = "0.0" , path = "ThreadAround" }
          , SuiteElmPath { module' = "0" , path = "OnceAround" }
          ]
    }
, Failure
    { idx = 13
    , threadId = 1879
    , exception =
        PException
          { displayText =
              [ "\"SuiteElmPath {module' = \\\"0.0.0\\\", path = \\\"EachAfter\\\"} failed\""
              , "\"CallStack (from HasCallStack):\""
              , "\"  error, called at src/Relude/Debug.hs:296:11 in relude-1.2.1.0-a5ed481547a2e612ba94330f420241e261fb518e17d71449cef78fe63d829fa3:Relude.Debug\""
              , "\"  error, called at test/SuiteRuntimeTest.hs:392:7 in pyrethrum-0.1.0.0-inplace:SuiteRuntimeTest\""
              ]
          }
    , loc =
        ExePath
          [ SuiteElmPath { module' = "0.0.0" , path = "EachAfter" }
          , SuiteElmPath { module' = "0.0" , path = "ThreadAround" }
          , SuiteElmPath { module' = "0" , path = "OnceAround" }
          ]
    }
, End
    { idx = 14
    , threadId = 1879
    , suiteEvent = Hook Each After
    , loc =
        ExePath
          [ SuiteElmPath { module' = "0.0.0" , path = "EachAfter" }
          , SuiteElmPath { module' = "0.0" , path = "ThreadAround" }
          , SuiteElmPath { module' = "0" , path = "OnceAround" }
          ]
    }
, Start
    { idx = 15
    , threadId = 1879
    , suiteEvent = Hook Thread Teardown
    , loc =
        ExePath
          [ SuiteElmPath { module' = "0.0" , path = "ThreadAround" }
          , SuiteElmPath { module' = "0" , path = "OnceAround" }
          ]
    }
, End
    { idx = 16
    , threadId = 1879
    , suiteEvent = Hook Thread Teardown
    , loc =
        ExePath
          [ SuiteElmPath { module' = "0.0" , path = "ThreadAround" }
          , SuiteElmPath { module' = "0" , path = "OnceAround" }
          ]
    }
, Start
    { idx = 17
    , threadId = 1879
    , suiteEvent = Hook Thread Setup
    , loc =
        ExePath
          [ SuiteElmPath { module' = "0.1" , path = "ThreadAround" }
          , SuiteElmPath { module' = "0" , path = "OnceAround" }
          ]
    }
, Failure
    { idx = 18
    , threadId = 1879
    , exception =
        PException
          { displayText =
              [ "\"SuiteElmPath {module' = \\\"0.1\\\", path = \\\"ThreadAround\\\"} failed\""
              , "\"CallStack (from HasCallStack):\""
              , "\"  error, called at src/Relude/Debug.hs:296:11 in relude-1.2.1.0-a5ed481547a2e612ba94330f420241e261fb518e17d71449cef78fe63d829fa3:Relude.Debug\""
              , "\"  error, called at test/SuiteRuntimeTest.hs:392:7 in pyrethrum-0.1.0.0-inplace:SuiteRuntimeTest\""
              ]
          }
    , loc =
        ExePath
          [ SuiteElmPath { module' = "0.1" , path = "ThreadAround" }
          , SuiteElmPath { module' = "0" , path = "OnceAround" }
          ]
    }
, End
    { idx = 19
    , threadId = 1879
    , suiteEvent = Hook Thread Setup
    , loc =
        ExePath
          [ SuiteElmPath { module' = "0.1" , path = "ThreadAround" }
          , SuiteElmPath { module' = "0" , path = "OnceAround" }
          ]
    }
, ParentFailure
    { idx = 20
    , threadId = 1879
    , loc =
        ExePath
          [ TestPath { id = 0 , title = "0.1.0.0 TestItem" }
          , SuiteElmPath { module' = "0.1.0.0" , path = "Test" }
          , SuiteElmPath { module' = "0.1.0" , path = "EachAfter" }
          , SuiteElmPath { module' = "0.1" , path = "ThreadAround" }
          , SuiteElmPath { module' = "0" , path = "OnceAround" }
          ]
    , suiteEvent = Test
    , failLoc =
        ExePath
          [ SuiteElmPath { module' = "0.1" , path = "ThreadAround" }
          , SuiteElmPath { module' = "0" , path = "OnceAround" }
          ]
    , failSuiteEvent = Hook Thread Setup
    }
, ParentFailure
    { idx = 21
    , threadId = 1879
    , loc =
        ExePath
          [ SuiteElmPath { module' = "0.1.0" , path = "EachAfter" }
          , SuiteElmPath { module' = "0.1" , path = "ThreadAround" }
          , SuiteElmPath { module' = "0" , path = "OnceAround" }
          ]
    , suiteEvent = Hook Each After
    , failLoc =
        ExePath
          [ SuiteElmPath { module' = "0.1" , path = "ThreadAround" }
          , SuiteElmPath { module' = "0" , path = "OnceAround" }
          ]
    , failSuiteEvent = Hook Thread Setup
    }
, ParentFailure
    { idx = 22
    , threadId = 1879
    , loc =
        ExePath
          [ TestPath { id = 1 , title = "0.1.0.0 TestItem" }
          , SuiteElmPath { module' = "0.1.0.0" , path = "Test" }
          , SuiteElmPath { module' = "0.1.0" , path = "EachAfter" }
          , SuiteElmPath { module' = "0.1" , path = "ThreadAround" }
          , SuiteElmPath { module' = "0" , path = "OnceAround" }
          ]
    , suiteEvent = Test
    , failLoc =
        ExePath
          [ SuiteElmPath { module' = "0.1" , path = "ThreadAround" }
          , SuiteElmPath { module' = "0" , path = "OnceAround" }
          ]
    , failSuiteEvent = Hook Thread Setup
    }
, ParentFailure
    { idx = 23
    , threadId = 1879
    , loc =
        ExePath
          [ SuiteElmPath { module' = "0.1.0" , path = "EachAfter" }
          , SuiteElmPath { module' = "0.1" , path = "ThreadAround" }
          , SuiteElmPath { module' = "0" , path = "OnceAround" }
          ]
    , suiteEvent = Hook Each After
    , failLoc =
        ExePath
          [ SuiteElmPath { module' = "0.1" , path = "ThreadAround" }
          , SuiteElmPath { module' = "0" , path = "OnceAround" }
          ]
    , failSuiteEvent = Hook Thread Setup
    }
, ParentFailure
    { idx = 24
    , threadId = 1879
    , loc =
        ExePath
          [ SuiteElmPath { module' = "0.1" , path = "ThreadAround" }
          , SuiteElmPath { module' = "0" , path = "OnceAround" }
          ]
    , suiteEvent = Hook Thread Teardown
    , failLoc =
        ExePath
          [ SuiteElmPath { module' = "0.1" , path = "ThreadAround" }
          , SuiteElmPath { module' = "0" , path = "OnceAround" }
          ]
    , failSuiteEvent = Hook Thread Setup
    }
, Start
    { idx = 25
    , threadId = 1879
    , suiteEvent = Hook Once Teardown
    , loc =
        ExePath [ SuiteElmPath { module' = "0" , path = "OnceAround" } ]
    }
, End
    { idx = 26
    , threadId = 1879
    , suiteEvent = Hook Once Teardown
    , loc =
        ExePath [ SuiteElmPath { module' = "0" , path = "OnceAround" } ]
    }
]
